Performing C SOURCE FILE Test CMAKE_HAVE_LIBC_PTHREAD failed with the following output:
Change Dir: /home/yeonsoo/tmp/build/CMakeFiles/CMakeTmp

Run Build Command(s):/usr/bin/make cmTC_605ac/fast && /usr/bin/make -f CMakeFiles/cmTC_605ac.dir/build.make CMakeFiles/cmTC_605ac.dir/build
make[1]: Entering directory '/home/yeonsoo/tmp/build/CMakeFiles/CMakeTmp'
Building C object CMakeFiles/cmTC_605ac.dir/src.c.o
/usr/bin/cc   -Wall  -O3 -march=native  -DCMAKE_HAVE_LIBC_PTHREAD   -o CMakeFiles/cmTC_605ac.dir/src.c.o   -c /home/yeonsoo/tmp/build/CMakeFiles/CMakeTmp/src.c
Linking C executable cmTC_605ac
/usr/bin/cmake -E cmake_link_script CMakeFiles/cmTC_605ac.dir/link.txt --verbose=1
/usr/bin/cc   -Wall  -O3 -march=native  -DCMAKE_HAVE_LIBC_PTHREAD    CMakeFiles/cmTC_605ac.dir/src.c.o  -o cmTC_605ac 
/usr/bin/ld: CMakeFiles/cmTC_605ac.dir/src.c.o: in function `main':
src.c:(.text.startup+0x29): undefined reference to `pthread_create'
/usr/bin/ld: src.c:(.text.startup+0x32): undefined reference to `pthread_detach'
/usr/bin/ld: src.c:(.text.startup+0x3d): undefined reference to `pthread_join'
collect2: error: ld returned 1 exit status
make[1]: *** [CMakeFiles/cmTC_605ac.dir/build.make:87: cmTC_605ac] Error 1
make[1]: Leaving directory '/home/yeonsoo/tmp/build/CMakeFiles/CMakeTmp'
make: *** [Makefile:121: cmTC_605ac/fast] Error 2


Source file was:
#include <pthread.h>

void* test_func(void* data)
{
  return data;
}

int main(void)
{
  pthread_t thread;
  pthread_create(&thread, NULL, test_func, NULL);
  pthread_detach(thread);
  pthread_join(thread, NULL);
  pthread_atfork(NULL, NULL, NULL);
  pthread_exit(NULL);

  return 0;
}

Determining if the function pthread_create exists in the pthreads failed with the following output:
Change Dir: /home/yeonsoo/tmp/build/CMakeFiles/CMakeTmp

Run Build Command(s):/usr/bin/make cmTC_e7859/fast && /usr/bin/make -f CMakeFiles/cmTC_e7859.dir/build.make CMakeFiles/cmTC_e7859.dir/build
make[1]: Entering directory '/home/yeonsoo/tmp/build/CMakeFiles/CMakeTmp'
Building C object CMakeFiles/cmTC_e7859.dir/CheckFunctionExists.c.o
/usr/bin/cc   -Wall  -O3 -march=native  -DCHECK_FUNCTION_EXISTS=pthread_create   -o CMakeFiles/cmTC_e7859.dir/CheckFunctionExists.c.o   -c /usr/share/cmake-3.16/Modules/CheckFunctionExists.c
Linking C executable cmTC_e7859
/usr/bin/cmake -E cmake_link_script CMakeFiles/cmTC_e7859.dir/link.txt --verbose=1
/usr/bin/cc   -Wall  -O3 -march=native  -DCHECK_FUNCTION_EXISTS=pthread_create    CMakeFiles/cmTC_e7859.dir/CheckFunctionExists.c.o  -o cmTC_e7859  -lpthreads 
/usr/bin/ld: cannot find -lpthreads
collect2: error: ld returned 1 exit status
make[1]: *** [CMakeFiles/cmTC_e7859.dir/build.make:87: cmTC_e7859] Error 1
make[1]: Leaving directory '/home/yeonsoo/tmp/build/CMakeFiles/CMakeTmp'
make: *** [Makefile:121: cmTC_e7859/fast] Error 2



